<?xml version="1.0" encoding="UTF-8"?>
<!-- Generated by org.testng.reporters.JUnitXMLReporter -->
<testsuite ignored="1" hostname="LAPTOP-7TGO9AJM" failures="0" tests="2" name="Test" time="14.204" errors="0" timestamp="2026-05-16T20:06:14 CDT">
  <testcase classname="uitest.LaunchApplication" name="login" time="0.354"/>
  <testcase classname="uitest.LaunchApplication" name="logout" time="1.019"/>
  <testcase classname="uitest.LaunchApplication" name="loginfailure" time="0.0">
    <ignored/>
  </testcase> <!-- loginfailure -->
</testsuite> <!-- Test -->
