<?xml version="1.0" encoding="UTF-8"?>
<!-- Generated by org.testng.reporters.JUnitReportReporter -->
<testsuite hostname="LAPTOP-7TGO9AJM" failures="0" tests="3" name="uitest.LaunchApplication" time="14.141" errors="0" timestamp="2026-05-16T20:06:14 CDT" skipped="1">
  <testcase classname="uitest.LaunchApplication" name="logout" time="4.482"/>
  <testcase classname="uitest.LaunchApplication" name="login" time="9.659"/>
  <testcase classname="uitest.LaunchApplication" name="loginfailure">
    <skipped/>
  </testcase> <!-- loginfailure -->
</testsuite> <!-- uitest.LaunchApplication -->
