<?xml version="1.0" encoding="UTF-8"?>
<testng-results ignored="1" total="2" passed="1" failed="0" skipped="0">
  <reporter-output>
  </reporter-output>
  <suite started-at="2026-05-17T00:55:20 CDT" name="Default suite" finished-at="2026-05-17T00:55:41 CDT" duration-ms="21141">
    <groups>
    </groups>
    <test started-at="2026-05-17T00:55:20 CDT" name="Default test" finished-at="2026-05-17T00:55:41 CDT" duration-ms="21141">
      <class name="uitest.FileUpload">
        <test-method signature="scrollto()[pri:0, instance:uitest.FileUpload@799f10e1]" started-at="2026-05-17T00:55:20 CDT" name="scrollto" finished-at="2026-05-17T00:55:41 CDT" duration-ms="21107" status="PASS">
          <reporter-output>
          </reporter-output>
        </test-method> <!-- scrollto -->
      </class> <!-- uitest.FileUpload -->
    </test> <!-- Default test -->
  </suite> <!-- Default suite -->
</testng-results>
